<?xml version="1.0" encoding="UTF-8"?>
<testng-results ignored="0" total="1" passed="1" failed="0" skipped="0">
  <reporter-output>
  </reporter-output>
  <suite started-at="2023-11-03T16:04:37 IST" name="Default suite" finished-at="2023-11-03T16:04:55 IST" duration-ms="17406">
    <groups>
    </groups>
    <test started-at="2023-11-03T16:04:37 IST" name="Default test" finished-at="2023-11-03T16:04:55 IST" duration-ms="17406">
      <class name="practice.MouseHover">
        <test-method signature="myMouseHover()[pri:0, instance:practice.MouseHover@359f7cdf]" started-at="2023-11-03T16:04:37 IST" name="myMouseHover" finished-at="2023-11-03T16:04:55 IST" duration-ms="17270" status="PASS">
          <reporter-output>
          </reporter-output>
        </test-method> <!-- myMouseHover -->
      </class> <!-- practice.MouseHover -->
    </test> <!-- Default test -->
  </suite> <!-- Default suite -->
</testng-results>
